 
cpldfit:  version M.53d                             Xilinx Inc.
                                  Fitter Report
Design Name: light_LED                           Date:  3- 8-2011, 10:50AM
Device Used: XC9572XL-10-VQ44
Fitting Status: Successful

*************************  Mapped Resource Summary  **************************

Macrocells     Product Terms    Function Block   Registers      Pins           
Used/Tot       Used/Tot         Inps Used/Tot    Used/Tot       Used/Tot       
1  /72  (  1%) 1   /360  (  1%) 1  /216 (  1%)   0  /72  (  0%) 2  /34  (  6%)

** Function Block Resources **

Function    Mcells      FB Inps     Pterms      IO          
Block       Used/Tot    Used/Tot    Used/Tot    Used/Tot    
FB1           1/18        1/54        1/90       1/ 9
FB2           0/18        0/54        0/90       0/ 9
FB3           0/18        0/54        0/90       0/ 9
FB4           0/18        0/54        0/90       1/ 7
             -----       -----       -----      -----    
              1/72        1/216       1/360      2/34 

* - Resource is exhausted

** Global Control Resources **

Global clock net(s) unused.
Global output enable net(s) unused.
Global set/reset net(s) unused.

** Pin Resources **

Signal Type    Required     Mapped  |  Pin Type            Used    Total 
------------------------------------|------------------------------------
Input         :    1           1    |  I/O              :     2      28
Output        :    1           1    |  GCK/IO           :     0       3
Bidirectional :    0           0    |  GTS/IO           :     0       2
GCK           :    0           0    |  GSR/IO           :     0       1
GTS           :    0           0    |
GSR           :    0           0    |
                 ----        ----
        Total      2           2

** Power Data **

There are 1 macrocells in high performance mode (MCHP).
There are 0 macrocells in low power mode (MCLP).
End of Mapped Resource Summary
**************************  Errors and Warnings  ***************************

WARNING:Cpld - Unable to retrieve the path to the iSE Project Repository. Will
   use the default filename of 'light_LED.ise'.
*************************  Summary of Mapped Logic  ************************

** 1 Outputs **

Signal              Total Total Loc     Pin  Pin     Pin     Pwr  Slew Reg Init
Name                Pts   Inps          No.  Type    Use     Mode Rate State
LED_pin             1     1     FB1_2   39   I/O     O       STD  FAST 

** 1 Inputs **

Signal              Loc     Pin  Pin     Pin     
Name                        No.  Type    Use     
clock_in            FB4_17  28   I/O     I

Legend:
Pin No. - ~ - User Assigned
**************************  Function Block Details  ************************
Legend:
Total Pt     - Total product terms used by the macrocell signal
Imp Pt       - Product terms imported from other macrocells
Exp Pt       - Product terms exported to other macrocells
               in direction shown
Unused Pt    - Unused local product terms remaining in macrocell
Loc          - Location where logic was mapped in device
Pin Type/Use - I  - Input             GCK - Global Clock
               O  - Output            GTS - Global Output Enable
              (b) - Buried macrocell  GSR - Global Set/Reset
X            - Signal used as input to the macrocell logic.
Pin No.      - ~  - User Assigned
*********************************** FB1  ***********************************
Number of function block inputs used/remaining:               1/53
Number of signals used by logic mapping into function block:  1
Signal              Total   Imp   Exp Unused  Loc     Pin   Pin     Pin
Name                Pt      Pt    Pt  Pt               #    Type    Use
(unused)              0       0     0   5     FB1_1         (b)     
LED_pin               1       0     0   4     FB1_2   39    I/O     O
(unused)              0       0     0   5     FB1_3         (b)     
(unused)              0       0     0   5     FB1_4         (b)     
(unused)              0       0     0   5     FB1_5   40    I/O     
(unused)              0       0     0   5     FB1_6   41    I/O     
(unused)              0       0     0   5     FB1_7         (b)     
(unused)              0       0     0   5     FB1_8   42    I/O     
(unused)              0       0     0   5     FB1_9   43    GCK/I/O 
(unused)              0       0     0   5     FB1_10        (b)     
(unused)              0       0     0   5     FB1_11  44    GCK/I/O 
(unused)              0       0     0   5     FB1_12        (b)     
(unused)              0       0     0   5     FB1_13        (b)     
(unused)              0       0     0   5     FB1_14  1     GCK/I/O 
(unused)              0       0     0   5     FB1_15  2     I/O     
(unused)              0       0     0   5     FB1_16        (b)     
(unused)              0       0     0   5     FB1_17  3     I/O     
(unused)              0       0     0   5     FB1_18        (b)     

Signals Used by Logic in Function Block
  1: clock_in         

Signal                        1         2         3         4 FB
Name                0----+----0----+----0----+----0----+----0 Inputs
LED_pin              X....................................... 1
                    0----+----1----+----2----+----3----+----4
                              0         0         0         0
*********************************** FB2  ***********************************
Number of function block inputs used/remaining:               0/54
Number of signals used by logic mapping into function block:  0
Signal              Total   Imp   Exp Unused  Loc     Pin   Pin     Pin
Name                Pt      Pt    Pt  Pt               #    Type    Use
(unused)              0       0     0   5     FB2_1         (b)     
(unused)              0       0     0   5     FB2_2   29    I/O     
(unused)              0       0     0   5     FB2_3         (b)     
(unused)              0       0     0   5     FB2_4         (b)     
(unused)              0       0     0   5     FB2_5   30    I/O     
(unused)              0       0     0   5     FB2_6   31    I/O     
(unused)              0       0     0   5     FB2_7         (b)     
(unused)              0       0     0   5     FB2_8   32    I/O     
(unused)              0       0     0   5     FB2_9   33    GSR/I/O 
(unused)              0       0     0   5     FB2_10        (b)     
(unused)              0       0     0   5     FB2_11  34    GTS/I/O 
(unused)              0       0     0   5     FB2_12        (b)     
(unused)              0       0     0   5     FB2_13        (b)     
(unused)              0       0     0   5     FB2_14  36    GTS/I/O 
(unused)              0       0     0   5     FB2_15  37    I/O     
(unused)              0       0     0   5     FB2_16        (b)     
(unused)              0       0     0   5     FB2_17  38    I/O     
(unused)              0       0     0   5     FB2_18        (b)     
*********************************** FB3  ***********************************
Number of function block inputs used/remaining:               0/54
Number of signals used by logic mapping into function block:  0
Signal              Total   Imp   Exp Unused  Loc     Pin   Pin     Pin
Name                Pt      Pt    Pt  Pt               #    Type    Use
(unused)              0       0     0   5     FB3_1         (b)     
(unused)              0       0     0   5     FB3_2   5     I/O     
(unused)              0       0     0   5     FB3_3         (b)     
(unused)              0       0     0   5     FB3_4         (b)     
(unused)              0       0     0   5     FB3_5   6     I/O     
(unused)              0       0     0   5     FB3_6         (b)     
(unused)              0       0     0   5     FB3_7         (b)     
(unused)              0       0     0   5     FB3_8   7     I/O     
(unused)              0       0     0   5     FB3_9   8     I/O     
(unused)              0       0     0   5     FB3_10        (b)     
(unused)              0       0     0   5     FB3_11  12    I/O     
(unused)              0       0     0   5     FB3_12        (b)     
(unused)              0       0     0   5     FB3_13        (b)     
(unused)              0       0     0   5     FB3_14  13    I/O     
(unused)              0       0     0   5     FB3_15  14    I/O     
(unused)              0       0     0   5     FB3_16  18    I/O     
(unused)              0       0     0   5     FB3_17  16    I/O     
(unused)              0       0     0   5     FB3_18        (b)     
*********************************** FB4  ***********************************
Number of function block inputs used/remaining:               0/54
Number of signals used by logic mapping into function block:  0
Signal              Total   Imp   Exp Unused  Loc     Pin   Pin     Pin
Name                Pt      Pt    Pt  Pt               #    Type    Use
(unused)              0       0     0   5     FB4_1         (b)     
(unused)              0       0     0   5     FB4_2   19    I/O     
(unused)              0       0     0   5     FB4_3         (b)     
(unused)              0       0     0   5     FB4_4         (b)     
(unused)              0       0     0   5     FB4_5   20    I/O     
(unused)              0       0     0   5     FB4_6         (b)     
(unused)              0       0     0   5     FB4_7         (b)     
(unused)              0       0     0   5     FB4_8   21    I/O     
(unused)              0       0     0   5     FB4_9         (b)     
(unused)              0       0     0   5     FB4_10        (b)     
(unused)              0       0     0   5     FB4_11  22    I/O     
(unused)              0       0     0   5     FB4_12        (b)     
(unused)              0       0     0   5     FB4_13        (b)     
(unused)              0       0     0   5     FB4_14  23    I/O     
(unused)              0       0     0   5     FB4_15  27    I/O     
(unused)              0       0     0   5     FB4_16        (b)     
(unused)              0       0     0   5     FB4_17  28    I/O     I
(unused)              0       0     0   5     FB4_18        (b)     
*******************************  Equations  ********************************

********** Mapped Logic **********


LED_pin <= clock_in;

Register Legend:
 FDCPE (Q,D,C,CLR,PRE,CE); 
 FTCPE (Q,D,C,CLR,PRE,CE); 
 LDCP  (Q,D,G,CLR,PRE); 

******************************  Device Pin Out *****************************

Device : XC9572XL-10-VQ44


   --------------------------------  
  /44 43 42 41 40 39 38 37 36 35 34 \
 | 1                             33 | 
 | 2                             32 | 
 | 3                             31 | 
 | 4                             30 | 
 | 5        XC9572XL-10-VQ44     29 | 
 | 6                             28 | 
 | 7                             27 | 
 | 8                             26 | 
 | 9                             25 | 
 | 10                            24 | 
 | 11                            23 | 
 \ 12 13 14 15 16 17 18 19 20 21 22 /
   --------------------------------  


Pin Signal                         Pin Signal                        
No. Name                           No. Name                          
  1 KPR                              23 KPR                           
  2 KPR                              24 TDO                           
  3 KPR                              25 GND                           
  4 GND                              26 VCC                           
  5 KPR                              27 KPR                           
  6 KPR                              28 clock_in                      
  7 KPR                              29 KPR                           
  8 KPR                              30 KPR                           
  9 TDI                              31 KPR                           
 10 TMS                              32 KPR                           
 11 TCK                              33 KPR                           
 12 KPR                              34 KPR                           
 13 KPR                              35 VCC                           
 14 KPR                              36 KPR                           
 15 VCC                              37 KPR                           
 16 KPR                              38 KPR                           
 17 GND                              39 LED_pin                       
 18 KPR                              40 KPR                           
 19 KPR                              41 KPR                           
 20 KPR                              42 KPR                           
 21 KPR                              43 KPR                           
 22 KPR                              44 KPR                           


Legend :  NC  = Not Connected, unbonded pin
         PGND = Unused I/O configured as additional Ground pin
         TIE  = Unused I/O floating -- must tie to VCC, GND or other signal
         KPR  = Unused I/O with weak keeper (leave unconnected)
         VCC  = Dedicated Power Pin
         GND  = Dedicated Ground Pin
         TDI  = Test Data In, JTAG pin
         TDO  = Test Data Out, JTAG pin
         TCK  = Test Clock, JTAG pin
         TMS  = Test Mode Select, JTAG pin
  PROHIBITED  = User reserved pin
****************************  Compiler Options  ****************************

Following is a list of all global compiler options used by the fitter run.

Device(s) Specified                         : xc9572xl-10-VQ44
Optimization Method                         : SPEED
Multi-Level Logic Optimization              : ON
Ignore Timing Specifications                : OFF
Default Register Power Up Value             : LOW
Keep User Location Constraints              : ON
What-You-See-Is-What-You-Get                : OFF
Exhaustive Fitting                          : OFF
Keep Unused Inputs                          : OFF
Slew Rate                                   : FAST
Power Mode                                  : STD
Ground on Unused IOs                        : OFF
Set I/O Pin Termination                     : KEEPER
Global Clock Optimization                   : ON
Global Set/Reset Optimization               : ON
Global Ouput Enable Optimization            : ON
Input Limit                                 : 54
Pterm Limit                                 : 25
