iMPACT Version: 12.1

iMPACT log file Started on Wed Mar 16 12:01:08 2011

Welcome to iMPACT
iMPACT Version: 12.1
Project: '\auto_project.ipf' already exists.
Original project has been renamed to '\auto_project_1.ipf'.
Project: \auto_project.ipf created.
// *** BATCH CMD : setMode -bs
// *** BATCH CMD : setCable -port svf -file"E:/Work/dp-svn/trunk/BusBlasterv2/bitstreams/BBv2-KTlink-v1.0.svf"
// *** BATCH CMD : addDevice -p 1 -file"E:/Work/dp-svn/trunk/BusBlasterv2/bitstreams/KTlink/BBv2KTLINK.jed"
'1': Loading file'E:/Work/dp-svn/trunk/BusBlasterv2/bitstreams/KTlink/BBv2KTLINK.jed' ...
done.
INFO:iMPACT:1777 - 
   Reading E:/Xilinx/12.1/ISE_DS/ISE/xbr/data/xc2c32a.bsd...
INFO:iMPACT:501 - '1': Added Device xc2c32a successfully.
----------------------------------------------------------------------
Setting Target Device to Mode:BS, Device position 0.
// *** BATCH CMD : setCable -port svf -file"E:/Work/dp-svn/trunk/BusBlasterv2/bitstreams/BBv2-KTlink-v1.0.svf"
INFO:iMPACT - Current time: Wed Mar 16 12:02:13 2011
// *** BATCH CMD : Program -p 1 -e -v 

'1': Erasing device...
'1': Erasure completed successfully.
'1': Programming device...
done.
'1': Verifying device...
done.
'1': Setting ISC done bits...done
'1': Programming completed successfully.
PROGRESS_START - Starting Operation.
PROGRESS_END - End Operation.
Elapsed time =      0 sec.
Project: '\auto_project.ipf' created.
// *** BATCH CMD : setMode -bs
// *** BATCH CMD : setMode -ss
// *** BATCH CMD : setMode -sm
// *** BATCH CMD : setMode -hw140
// *** BATCH CMD : setMode -spi
// *** BATCH CMD : setMode -acecf
// *** BATCH CMD : setMode -acempm
// *** BATCH CMD : setMode -pff
// *** BATCH CMD : setMode -bs
// *** BATCH CMD : saveProjectFile -file "\auto_project.ipf"
// *** BATCH CMD : deleteDevice -position 1
