Running: E:\Xilinx\12.1\ISE_DS\ISE\bin\nt\unwrapped\fuse.exe -intstyle ise -incremental -o E:/Work/dp-svn/trunk/CPLD-breakout/demos/xc9572xl/vhdlledon/light_LED_isim_beh.exe -prj E:/Work/dp-svn/trunk/CPLD-breakout/demos/xc9572xl/vhdlledon/light_LED_beh.prj work.light_LED 
ISim M.53d (signature 0xb869381d)
Number of CPUs detected in this system: 2
Turning on mult-threading, number of parallel sub-compilation jobs: 4 
Determining compilation order of HDL files
Parsing VHDL file "E:/Work/dp-svn/trunk/CPLD-breakout/demos/xc9572xl/vhdlledon/ledon.vhd" into library work
Starting static elaboration
Completed static elaboration
Fuse Memory Usage: 59592 KB
Fuse CPU Usage: 171 ms
Using precompiled package standard from library std
Using precompiled package std_logic_1164 from library ieee
Using precompiled package std_logic_arith from library ieee
Using precompiled package std_logic_unsigned from library ieee
Compiling architecture behavioral of entity light_led
Time Resolution for simulation is 1ps.
Compiled 5 VHDL Units
Built simulation executable E:/Work/dp-svn/trunk/CPLD-breakout/demos/xc9572xl/vhdlledon/light_LED_isim_beh.exe
Fuse Memory Usage: 65228 KB
Fuse CPU Usage: 171 ms
