Release 12.1 - xst M.53d (nt)
Copyright (c) 1995-2010 Xilinx, Inc.  All rights reserved.
--> Parameter TMPDIR set to xst/projnav.tmp


Total REAL time to Xst completion: 0.00 secs
Total CPU time to Xst completion: 0.11 secs
 
--> Parameter xsthdpdir set to xst


Total REAL time to Xst completion: 0.00 secs
Total CPU time to Xst completion: 0.11 secs
 
--> Reading design: BBv2JTAGKEY.prj

TABLE OF CONTENTS
  1) Synthesis Options Summary
  2) HDL Compilation
  3) Design Hierarchy Analysis
  4) HDL Analysis
  5) HDL Synthesis
     5.1) HDL Synthesis Report
  6) Advanced HDL Synthesis
     6.1) Advanced HDL Synthesis Report
  7) Low Level Synthesis
  8) Partition Report
  9) Final Report

=========================================================================
*                      Synthesis Options Summary                        *
=========================================================================
---- Source Parameters
Input File Name                    : "BBv2JTAGKEY.prj"
Input Format                       : mixed
Ignore Synthesis Constraint File   : NO

---- Target Parameters
Output File Name                   : "BBv2JTAGKEY"
Output Format                      : NGC
Target Device                      : Automotive CoolRunner2

---- Source Options
Top Module Name                    : BBv2JTAGKEY
Automatic FSM Extraction           : YES
FSM Encoding Algorithm             : Auto
Safe Implementation                : No
Mux Extraction                     : YES
Resource Sharing                   : YES

---- Target Options
Add IO Buffers                     : YES
MACRO Preserve                     : YES
XOR Preserve                       : YES
Equivalent register Removal        : YES

---- General Options
Optimization Goal                  : Speed
Optimization Effort                : 1
Library Search Order               : BBv2JTAGKEY.lso
Keep Hierarchy                     : YES
Netlist Hierarchy                  : as_optimized
RTL Output                         : Yes
Hierarchy Separator                : /
Bus Delimiter                      : <>
Case Specifier                     : maintain
Verilog 2001                       : YES

---- Other Options
Clock Enable                       : YES
wysiwyg                            : NO

=========================================================================


=========================================================================
*                          HDL Compilation                              *
=========================================================================
Compiling vhdl file "E:/Work/dp-svn/trunk/BusBlasterv2/bitstreams/JTAGkey/BBv2JTAGKEY.vhf" in Library work.
Entity <obuft4_mxilinx_bbv2jtagkey> compiled.
Entity <obuft4_mxilinx_bbv2jtagkey> (Architecture <behavioral>) compiled.
Entity <bbv2jtagkey> compiled.
Entity <bbv2jtagkey> (Architecture <behavioral>) compiled.

=========================================================================
*                     Design Hierarchy Analysis                         *
=========================================================================
Analyzing hierarchy for entity <BBv2JTAGKEY> in library <work> (architecture <behavioral>).

Analyzing hierarchy for entity <OBUFT4_MXILINX_BBv2JTAGKEY> in library <work> (architecture <behavioral>).


=========================================================================
*                            HDL Analysis                               *
=========================================================================
Analyzing Entity <BBv2JTAGKEY> in library <work> (Architecture <behavioral>).
    Set user-defined property "HU_SET =  XLXI_46_0" for instance <XLXI_46> in unit <BBv2JTAGKEY>.
Entity <BBv2JTAGKEY> analyzed. Unit <BBv2JTAGKEY> generated.

Analyzing Entity <OBUFT4_MXILINX_BBv2JTAGKEY> in library <work> (Architecture <behavioral>).
Entity <OBUFT4_MXILINX_BBv2JTAGKEY> analyzed. Unit <OBUFT4_MXILINX_BBv2JTAGKEY> generated.


=========================================================================
*                           HDL Synthesis                               *
=========================================================================

Performing bidirectional port resolution...

Synthesizing Unit <OBUFT4_MXILINX_BBv2JTAGKEY>.
    Related source file is "E:/Work/dp-svn/trunk/BusBlasterv2/bitstreams/JTAGkey/BBv2JTAGKEY.vhf".
Unit <OBUFT4_MXILINX_BBv2JTAGKEY> synthesized.


Synthesizing Unit <BBv2JTAGKEY>.
    Related source file is "E:/Work/dp-svn/trunk/BusBlasterv2/bitstreams/JTAGkey/BBv2JTAGKEY.vhf".
Unit <BBv2JTAGKEY> synthesized.


=========================================================================
HDL Synthesis Report

Found no macro
=========================================================================

=========================================================================
*                       Advanced HDL Synthesis                          *
=========================================================================


=========================================================================
Advanced HDL Synthesis Report

Found no macro
=========================================================================

=========================================================================
*                         Low Level Synthesis                           *
=========================================================================

Optimizing unit <BBv2JTAGKEY> ...

Optimizing unit <OBUFT4_MXILINX_BBv2JTAGKEY> ...

=========================================================================
*                           Partition Report                            *
=========================================================================

Partition Implementation Status
-------------------------------

  No Partitions were found in this design.

-------------------------------

=========================================================================
*                            Final Report                               *
=========================================================================
Final Results
RTL Top Level Output File Name     : BBv2JTAGKEY.ngr
Top Level Output File Name         : BBv2JTAGKEY
Output Format                      : NGC
Optimization Goal                  : Speed
Keep Hierarchy                     : YES
Target Technology                  : Automotive CoolRunner2
Macro Preserve                     : YES
XOR Preserve                       : YES
Clock Enable                       : YES
wysiwyg                            : NO

Design Statistics
# IOs                              : 26

Cell Usage :
# IO Buffers                       : 27
#      IBUF                        : 16
#      OBUF                        : 5
#      OBUFT                       : 6
=========================================================================


Total REAL time to Xst completion: 4.00 secs
Total CPU time to Xst completion: 4.24 secs
 
--> 

Total memory usage is 134136 kilobytes

Number of errors   :    0 (   0 filtered)
Number of warnings :    0 (   0 filtered)
Number of infos    :    0 (   0 filtered)

