iMPACT Version: 12.1

iMPACT log file Started on Wed Apr 13 13:28:28 2011

Welcome to iMPACT
iMPACT Version: 12.1
Project:'E:\Work\dp\CPLD_Breakout\package\Tutorials\xc9572xl\VHDL-CPLDIntro1LEDon\\auto_project.ipf' already exists.
Original project has been renamed to'E:\Work\dp\CPLD_Breakout\package\Tutorials\xc9572xl\VHDL-CPLDIntro1LEDon\\auto_project_1.ipf'.
Project:E:\Work\dp\CPLD_Breakout\package\Tutorials\xc9572xl\VHDL-CPLDIntro1LEDon\\auto_project.ipf created.
// *** BATCH CMD : setMode -bs
// *** BATCH CMD : setCable -port xsvf -file"E:/Work/dp/CPLD_Breakout/package/Tutorials/xc2c64a/Schematic-CPLDIntro2Ledbutton/sch-CPLDIntro2Ledbutton.xsvf"
// *** BATCH CMD : addDevice -p 1 -file"E:/Work/dp/CPLD_Breakout/package/Tutorials/xc2c64a/Schematic-CPLDIntro2Ledbutton/CPLDIntro2Ledbutton.jed"
'1': Loading file'E:/Work/dp/CPLD_Breakout/package/Tutorials/xc2c64a/Schematic-CPLDIntro2Ledbutton/CPLDIntro2Ledbutton.jed' ...
done.
INFO:iMPACT:1777 - 
   Reading E:/Xilinx/12.1/ISE_DS/ISE/xbr/data/xc2c64a.bsd...
INFO:iMPACT:501 - '1': Added Device xc2c64a successfully.
----------------------------------------------------------------------
INFO:iMPACT - Current time: Wed Apr 13 13:29:01 2011
// *** BATCH CMD : Program -p 1 -e -v 

'1': Erasing device...
'1': Erasure completed successfully.
'1': Programming device...
done.
'1': Verifying device...
done.
'1': Setting ISC done bits...done
'1': Programming completed successfully.
PROGRESS_START - Starting Operation.
PROGRESS_END - End Operation.
Elapsed time =      0 sec.
// *** BATCH CMD : setCable -port svf -file"E:/Work/dp/CPLD_Breakout/package/Tutorials/xc2c64a/Schematic-CPLDIntro2Ledbutton/sch-CPLDIntro2Ledbutton.svf"
INFO:iMPACT - Current time: Wed Apr 13 13:29:21 2011
// *** BATCH CMD : Program -p 1 -e -v 

'1': Erasing device...
'1': Erasure completed successfully.
'1': Programming device...
done.
'1': Verifying device...
done.
PROGRESS_START - Starting Operation.
'1': Setting ISC done bits...done
'1': Programming completed successfully.
PROGRESS_END - End Operation.
Elapsed time =      0 sec.
Project:'E:\Work\dp\CPLD_Breakout\package\Tutorials\xc9572xl\VHDL-CPLDIntro1LEDon\\auto_project.ipf' created.
// *** BATCH CMD : setMode -bs
// *** BATCH CMD : setMode -ss
// *** BATCH CMD : setMode -sm
// *** BATCH CMD : setMode -hw140
// *** BATCH CMD : setMode -spi
// *** BATCH CMD : setMode -acecf
// *** BATCH CMD : setMode -acempm
// *** BATCH CMD : setMode -pff
// *** BATCH CMD : setMode -bs
// *** BATCH CMD : saveProjectFile -file"E:\Work\dp\CPLD_Breakout\package\Tutorials\xc9572xl\VHDL-CPLDIntro1LEDon\\auto_project.ipf"
// *** BATCH CMD : deleteDevice -position 1
