iMPACT Version: 13.1

iMPACT log file Started on Mon May 30 11:00:40 2011

Welcome to iMPACT
iMPACT Version: 13.1
Project:'E:\Work\dp\CPLD_Breakout\package\Tutorials\xc9572xl\VHDL-CPLDIntro1LEDon\\auto_project.ipf' already exists.
Original project has been renamed to'E:\Work\dp\CPLD_Breakout\package\Tutorials\xc9572xl\VHDL-CPLDIntro1LEDon\\auto_project_1.ipf'.
Project:E:\Work\dp\CPLD_Breakout\package\Tutorials\xc9572xl\VHDL-CPLDIntro1LEDon\\auto_project.ipf created.
// *** BATCH CMD : setMode -bs
// *** BATCH CMD : setCable -port svf -file"E:/Work/dp/Bus_Blaster/buffer_logic/JTAGkey-Verilog/jtagkey.svf"
// *** BATCH CMD : addDevice -p 1 -file"E:/Work/dp/Bus_Blaster/buffer_logic/JTAGkey-Verilog/jtagkey.jed"
'1': Loading file'E:/Work/dp/Bus_Blaster/buffer_logic/JTAGkey-Verilog/jtagkey.jed' ...
done.
INFO:iMPACT:1777 - 
   Reading E:/Xilinx/13.1/ISE_DS/ISE/xbr/data/xc2c32a.bsd...
INFO:iMPACT:501 - '1': Added Device xc2c32a successfully.
----------------------------------------------------------------------
Setting Target Device to Mode:BS, Device position 0.
INFO:iMPACT - Current time: 5/30/2011 11:01:33 AM
// *** BATCH CMD : Program -p 1 -e -v 

'1': Erasing device...
'1': Erasure completed successfully.
'1': Programming device...
done.
'1': Verifying device...
done.
'1': Setting ISC done bits...done
'1': Programming completed successfully.
PROGRESS_START - Starting Operation.
PROGRESS_END - End Operation.
Elapsed time =      0 sec.
Project:'E:\Work\dp\CPLD_Breakout\package\Tutorials\xc9572xl\VHDL-CPLDIntro1LEDon\\auto_project.ipf' created.
// *** BATCH CMD : setMode -bs
// *** BATCH CMD : setMode -ss
// *** BATCH CMD : setMode -sm
// *** BATCH CMD : setMode -hw140
// *** BATCH CMD : setMode -spi
// *** BATCH CMD : setMode -acecf
// *** BATCH CMD : setMode -acempm
// *** BATCH CMD : setMode -pff
// *** BATCH CMD : setMode -bs
// *** BATCH CMD : saveProjectFile -file"E:\Work\dp\CPLD_Breakout\package\Tutorials\xc9572xl\VHDL-CPLDIntro1LEDon\\auto_project.ipf"
// *** BATCH CMD : setMode -bs
INFO:iMPACT - Launching WebTalk, please refer to the webtalk log at   E:\Work\dp\CPLD_Breakout\package\Tutorials\xc9572xl\VHDL-CPLDIntro1LEDon\webt   alk.log for details.
INFO:iMPACT - Running wbtc successfully.
// *** BATCH CMD : setMode -bs
// *** BATCH CMD : deleteDevice -position 1
// *** BATCH CMD : setMode -bs
// *** BATCH CMD : setMode -ss
// *** BATCH CMD : setMode -sm
// *** BATCH CMD : setMode -hw140
// *** BATCH CMD : setMode -spi
// *** BATCH CMD : setMode -acecf
// *** BATCH CMD : setMode -acempm
// *** BATCH CMD : setMode -pff
